Using pre-set license
Built from '2020.2/release' branch; Version is '2020.2.2f1 (068178b99f32) revision 426360'; Using compiler version '192528614'; Build Type 'Release'
OS: 'Windows 10 Education; OS build 19042.746; Version 2009; 64bit' Language: 'en' Physical Memory: 16319 MB
BatchMode: 1, IsHumanControllingUs: 0, StartBugReporterOnCrash: 0, Is64bit: 1, IsPro: 0

 COMMAND LINE ARGUMENTS:
C:\Program Files\Unity\Hub\Editor\2020.2.2f1\Editor\Unity.exe
-adb2
-batchMode
-noUpm
-name
AssetImportWorker1
-projectPath
D:/gameJam/Colorchase/ColorChase
-logFile
Logs/AssetImportWorker1.log
-srvPort
51082
Successfully changed project path to: D:/gameJam/Colorchase/ColorChase
D:/gameJam/Colorchase/ColorChase
Using Asset Import Pipeline V2.
Refreshing native plugins compatible for Editor in 23.00 ms, found 0 plugins.
Preloading 0 native plugins for Editor in 0.00 ms.
Initialize engine version: 2020.2.2f1 (068178b99f32)
[Subsystems] Discovering subsystems at path C:/Program Files/Unity/Hub/Editor/2020.2.2f1/Editor/Data/Resources/UnitySubsystems
[Subsystems] Discovering subsystems at path D:/gameJam/Colorchase/ColorChase/Assets
GfxDevice: creating device client; threaded=0
Direct3D:
    Version:  Direct3D 11.0 [level 11.1]
    Renderer: NVIDIA GeForce GTX 1080 (ID=0x1b80)
    Vendor:   
    VRAM:     8079 MB
    Driver:   27.21.14.6109
Initialize mono
Mono path[0] = 'C:/Program Files/Unity/Hub/Editor/2020.2.2f1/Editor/Data/Managed'
Mono path[1] = 'C:/Program Files/Unity/Hub/Editor/2020.2.2f1/Editor/Data/MonoBleedingEdge/lib/mono/unityjit'
Mono config path = 'C:/Program Files/Unity/Hub/Editor/2020.2.2f1/Editor/Data/MonoBleedingEdge/etc'
Using monoOptions --debugger-agent=transport=dt_socket,embedding=1,server=y,suspend=n,address=127.0.0.1:56184
Begin MonoManager ReloadAssembly
Registering precompiled unity dll's ...
Register platform support module: C:/Program Files/Unity/Hub/Editor/2020.2.2f1/Editor/Data/PlaybackEngines/WindowsStandaloneSupport/UnityEditor.WindowsStandalone.Extensions.dll
Registered in 0.002887 seconds.
Native extension for WindowsStandalone target not found
Refreshing native plugins compatible for Editor in 23.38 ms, found 0 plugins.
Preloading 0 native plugins for Editor in 0.00 ms.
Invoked RoslynAnalysisRunner static constructor.
RoslynAnalysisRunner will not be running.
RoslynAnalysisRunner has terminated.
Mono: successfully reloaded assembly
- Completed reload, in 23.112 seconds
Platform modules already initialized, skipping
Registering precompiled user dll's ...
Registered in 0.000683 seconds.
Begin MonoManager ReloadAssembly
Native extension for WindowsStandalone target not found
Refreshing native plugins compatible for Editor in 0.18 ms, found 0 plugins.
Preloading 0 native plugins for Editor in 0.00 ms.
Invoked RoslynAnalysisRunner static constructor.
RoslynAnalysisRunner will not be running.
RoslynAnalysisRunner has terminated.
Mono: successfully reloaded assembly
- Completed reload, in  0.766 seconds
Platform modules already initialized, skipping
========================================================================
Worker process is ready to serve import requests
Launched and connected shader compiler UnityShaderCompiler.exe after 0.19 seconds
Refreshing native plugins compatible for Editor in 0.18 ms, found 0 plugins.
Preloading 0 native plugins for Editor in 0.00 ms.
Unloading 1127 Unused Serialized files (Serialized files now loaded: 0)
System memory in use before: 59.8 MB.
System memory in use after: 59.8 MB.

Unloading 9 unused Assets to reduce memory usage. Loaded Objects now: 1571.
Total: 1.355700 ms (FindLiveObjects: 0.122200 ms CreateObjectMapping: 0.032000 ms MarkObjects: 1.109800 ms  DeleteObjects: 0.090800 ms)

========================================================================
Received Import Request.
  path: Assets/lvl1_corrected_2D.obj
  artifactKey: Guid(99a20ba322a79b448883922c2203d252) Importer(815301076,1909f56bfc062723c751e8b465ee728b)
Start importing Assets/lvl1_corrected_2D.obj using Guid(99a20ba322a79b448883922c2203d252) Importer(815301076,1909f56bfc062723c751e8b465ee728b)  -> (artifact id: '7b8baf74712a32ffde51c8abb011d75b') in 0.522937 seconds
  Import took 0.539991 seconds .

========================================================================
Received Import Request.
  Time since last request: 0.001008 seconds.
  path: Assets/lvl1_corrected_3D.obj
  artifactKey: Guid(d2cfd4c2797644d4ea210615b7012d67) Importer(815301076,1909f56bfc062723c751e8b465ee728b)
Start importing Assets/lvl1_corrected_3D.obj using Guid(d2cfd4c2797644d4ea210615b7012d67) Importer(815301076,1909f56bfc062723c751e8b465ee728b)  -> (artifact id: '3bc8bcf777c30eebe7652a955511649c') in 0.328183 seconds
  Import took 0.331008 seconds .

========================================================================
Received Import Request.
  Time since last request: 316.123365 seconds.
  path: Assets/Materials/Blue.mat
  artifactKey: Guid(1e16879905b16f74aa988a989c58f362) Importer(815301076,1909f56bfc062723c751e8b465ee728b)
Start importing Assets/Materials/Blue.mat using Guid(1e16879905b16f74aa988a989c58f362) Importer(815301076,1909f56bfc062723c751e8b465ee728b)  -> (artifact id: '79d0f165d7e89278ee88dcca076e024c') in 0.019819 seconds
  Import took 0.038744 seconds .

========================================================================
Received Import Request.
  Time since last request: 0.000290 seconds.
  path: Assets/Materials/Red.mat
  artifactKey: Guid(873aab99c69b7ee4d96d40b4c56fef9a) Importer(815301076,1909f56bfc062723c751e8b465ee728b)
Start importing Assets/Materials/Red.mat using Guid(873aab99c69b7ee4d96d40b4c56fef9a) Importer(815301076,1909f56bfc062723c751e8b465ee728b)  -> (artifact id: '6d23deae1b54a8d84b65d358f9b5d82f') in 0.011497 seconds
  Import took 0.014042 seconds .

========================================================================
Received Import Request.
  Time since last request: 0.000414 seconds.
  path: Assets/Materials/Green.mat
  artifactKey: Guid(b6711dfe840241b41bcbcec2b512b151) Importer(815301076,1909f56bfc062723c751e8b465ee728b)
Start importing Assets/Materials/Green.mat using Guid(b6711dfe840241b41bcbcec2b512b151) Importer(815301076,1909f56bfc062723c751e8b465ee728b)  -> (artifact id: 'dc953d19124815a9ea8d3cbfa5fec1c9') in 0.044200 seconds
  Import took 0.072350 seconds .

========================================================================
Received Import Request.
  Time since last request: 0.000527 seconds.
  path: Assets/Materials/Yellow.mat
  artifactKey: Guid(0c8bb1764856e274bbc8ea8499909428) Importer(815301076,1909f56bfc062723c751e8b465ee728b)
Start importing Assets/Materials/Yellow.mat using Guid(0c8bb1764856e274bbc8ea8499909428) Importer(815301076,1909f56bfc062723c751e8b465ee728b)  -> (artifact id: '70218d65dd533039edcce3f905e35614') in 0.009395 seconds
  Import took 0.011697 seconds .

========================================================================
Received Import Request.
  Time since last request: 275.441474 seconds.
  path: Assets/Materials/Pointer.mat
  artifactKey: Guid(8de6b77fab89d424a977aaf79231e53e) Importer(815301076,1909f56bfc062723c751e8b465ee728b)
Start importing Assets/Materials/Pointer.mat using Guid(8de6b77fab89d424a977aaf79231e53e) Importer(815301076,1909f56bfc062723c751e8b465ee728b)  -> (artifact id: 'e8bcd5371aa7fdd20edaf7b0abad87fc') in 0.155696 seconds
  Import took 0.158006 seconds .

========================================================================
Received Import Request.
  Time since last request: 1.071326 seconds.
  path: Assets/Materials/Pointer.mat
  artifactKey: Guid(8de6b77fab89d424a977aaf79231e53e) Importer(815301076,1909f56bfc062723c751e8b465ee728b)
Start importing Assets/Materials/Pointer.mat using Guid(8de6b77fab89d424a977aaf79231e53e) Importer(815301076,1909f56bfc062723c751e8b465ee728b)  -> (artifact id: 'e8bcd5371aa7fdd20edaf7b0abad87fc') in 0.010075 seconds
  Import took 0.012286 seconds .

========================================================================
Received Prepare
Registering precompiled user dll's ...
Registered in 0.000869 seconds.
Begin MonoManager ReloadAssembly
Native extension for WindowsStandalone target not found
Refreshing native plugins compatible for Editor in 0.39 ms, found 0 plugins.
Preloading 0 native plugins for Editor in 0.00 ms.
Invoked RoslynAnalysisRunner static constructor.
RoslynAnalysisRunner will not be running.
RoslynAnalysisRunner has terminated.
Mono: successfully reloaded assembly
- Completed reload, in  0.902 seconds
Platform modules already initialized, skipping
Refreshing native plugins compatible for Editor in 0.68 ms, found 0 plugins.
Preloading 0 native plugins for Editor in 0.00 ms.
Unloading 1108 Unused Serialized files (Serialized files now loaded: 0)
System memory in use before: 62.8 MB.
System memory in use after: 62.9 MB.

Unloading 4 unused Assets to reduce memory usage. Loaded Objects now: 1616.
Total: 1.672200 ms (FindLiveObjects: 0.204400 ms CreateObjectMapping: 0.062100 ms MarkObjects: 1.388700 ms  DeleteObjects: 0.015500 ms)

========================================================================
Received Prepare
Registering precompiled user dll's ...
Registered in 0.000960 seconds.
Begin MonoManager ReloadAssembly
Native extension for WindowsStandalone target not found
Refreshing native plugins compatible for Editor in 0.18 ms, found 0 plugins.
Preloading 0 native plugins for Editor in 0.00 ms.
Invoked RoslynAnalysisRunner static constructor.
RoslynAnalysisRunner will not be running.
RoslynAnalysisRunner has terminated.
Mono: successfully reloaded assembly
- Completed reload, in  0.822 seconds
Platform modules already initialized, skipping
Refreshing native plugins compatible for Editor in 0.43 ms, found 0 plugins.
Preloading 0 native plugins for Editor in 0.00 ms.
Unloading 1108 Unused Serialized files (Serialized files now loaded: 0)
System memory in use before: 63.6 MB.
System memory in use after: 63.7 MB.

Unloading 4 unused Assets to reduce memory usage. Loaded Objects now: 1618.
Total: 3.457300 ms (FindLiveObjects: 0.207400 ms CreateObjectMapping: 0.043700 ms MarkObjects: 3.172700 ms  DeleteObjects: 0.029700 ms)

========================================================================
Received Import Request.
  Time since last request: 538.972783 seconds.
  path: Assets/Images/KeyboardQE.png
  artifactKey: Guid(121d5c8ea72169341a43d012f3392133) Importer(815301076,1909f56bfc062723c751e8b465ee728b)
Start importing Assets/Images/KeyboardQE.png using Guid(121d5c8ea72169341a43d012f3392133) Importer(815301076,1909f56bfc062723c751e8b465ee728b)  -> (artifact id: 'cc9e4d7d58463babcc5c546ff15a6ed3') in 0.093939 seconds
  Import took 0.096380 seconds .

========================================================================
Received Import Request.
  Time since last request: 0.000613 seconds.
  path: Assets/Images/Slider.png
  artifactKey: Guid(da7963c46b1c3724d9af65835c60065d) Importer(815301076,1909f56bfc062723c751e8b465ee728b)
Start importing Assets/Images/Slider.png using Guid(da7963c46b1c3724d9af65835c60065d) Importer(815301076,1909f56bfc062723c751e8b465ee728b)  -> (artifact id: '91e697abe01a7132e4b9a02e7801adbc') in 0.027034 seconds
  Import took 0.028970 seconds .

========================================================================
Received Import Request.
  Time since last request: 0.000385 seconds.
  path: Assets/Images/sadBoy.png
  artifactKey: Guid(9c79fbd4c0f22df4caa0795774197951) Importer(815301076,1909f56bfc062723c751e8b465ee728b)
Start importing Assets/Images/sadBoy.png using Guid(9c79fbd4c0f22df4caa0795774197951) Importer(815301076,1909f56bfc062723c751e8b465ee728b)  -> (artifact id: '3ad102e2ca8b57cb895d24fbe35fc77f') in 0.086465 seconds
  Import took 0.088387 seconds .

========================================================================
Received Import Request.
  Time since last request: 0.000384 seconds.
  path: Assets/Images/sadBoynoboy.png
  artifactKey: Guid(6d53c8858eb787a45b0e488d49391094) Importer(815301076,1909f56bfc062723c751e8b465ee728b)
Start importing Assets/Images/sadBoynoboy.png using Guid(6d53c8858eb787a45b0e488d49391094) Importer(815301076,1909f56bfc062723c751e8b465ee728b)  -> (artifact id: '8791c24e2e62c1fd4b9fe601abd94a0e') in 0.030366 seconds
  Import took 0.032442 seconds .

========================================================================
Received Import Request.
  Time since last request: 3.400409 seconds.
  path: Assets/Images/2000879.jpg
  artifactKey: Guid(ae74793d76d2fc44e97e9129e7e1e6cd) Importer(815301076,1909f56bfc062723c751e8b465ee728b)
Start importing Assets/Images/2000879.jpg using Guid(ae74793d76d2fc44e97e9129e7e1e6cd) Importer(815301076,1909f56bfc062723c751e8b465ee728b)  -> (artifact id: '7ed21ba58b4a262712a122a64d6c703f') in 0.011629 seconds
  Import took 0.014162 seconds .

========================================================================
Received Import Request.
  Time since last request: 251.183665 seconds.
  path: Assets/Images/2000879 1.jpg
  artifactKey: Guid(a14b23571c78ea149a560ba97d2de9be) Importer(815301076,1909f56bfc062723c751e8b465ee728b)
Start importing Assets/Images/2000879 1.jpg using Guid(a14b23571c78ea149a560ba97d2de9be) Importer(815301076,1909f56bfc062723c751e8b465ee728b)  -> (artifact id: '195d6104b8da165900c7806881221adc') in 0.010828 seconds
  Import took 0.012930 seconds .

========================================================================
Received Import Request.
  Time since last request: 0.007665 seconds.
  path: Assets/Images/2000879 1.jpg
  artifactKey: Guid(a14b23571c78ea149a560ba97d2de9be) Importer(815301076,1909f56bfc062723c751e8b465ee728b)
Start importing Assets/Images/2000879 1.jpg using Guid(a14b23571c78ea149a560ba97d2de9be) Importer(815301076,1909f56bfc062723c751e8b465ee728b)  -> (artifact id: '195d6104b8da165900c7806881221adc') in 0.009170 seconds
  Import took 0.010896 seconds .

========================================================================
Received Prepare
Registering precompiled user dll's ...
Registered in 0.000607 seconds.
Begin MonoManager ReloadAssembly
Native extension for WindowsStandalone target not found
Refreshing native plugins compatible for Editor in 0.20 ms, found 0 plugins.
Preloading 0 native plugins for Editor in 0.00 ms.
Invoked RoslynAnalysisRunner static constructor.
RoslynAnalysisRunner will not be running.
RoslynAnalysisRunner has terminated.
Mono: successfully reloaded assembly
- Completed reload, in  0.726 seconds
Platform modules already initialized, skipping
Refreshing native plugins compatible for Editor in 0.21 ms, found 0 plugins.
Preloading 0 native plugins for Editor in 0.00 ms.
Unloading 1108 Unused Serialized files (Serialized files now loaded: 0)
System memory in use before: 63.8 MB.
System memory in use after: 63.9 MB.

Unloading 4 unused Assets to reduce memory usage. Loaded Objects now: 1629.
Total: 3.247300 ms (FindLiveObjects: 0.409200 ms CreateObjectMapping: 0.089400 ms MarkObjects: 2.721800 ms  DeleteObjects: 0.024300 ms)

========================================================================
Received Import Request.
  Time since last request: 185.200197 seconds.
  path: Assets/Images/wall_mat.mat
  artifactKey: Guid(fee18ea36c22ffd4393b26fd48b43ae5) Importer(815301076,1909f56bfc062723c751e8b465ee728b)
Start importing Assets/Images/wall_mat.mat using Guid(fee18ea36c22ffd4393b26fd48b43ae5) Importer(815301076,1909f56bfc062723c751e8b465ee728b)  -> (artifact id: '938d23d987456da9570e6d07c4af3ca2') in 0.169387 seconds
  Import took 0.171170 seconds .

========================================================================
Received Import Request.
  Time since last request: 21.964705 seconds.
  path: Assets/Images/Materials/2000879.mat
  artifactKey: Guid(4f3165d5d80d4f04d81a1ae29f99b6a3) Importer(815301076,1909f56bfc062723c751e8b465ee728b)
Start importing Assets/Images/Materials/2000879.mat using Guid(4f3165d5d80d4f04d81a1ae29f99b6a3) Importer(815301076,1909f56bfc062723c751e8b465ee728b)  -> (artifact id: '24ead8519496f33e103badbfad2b9c7b') in 0.136166 seconds
  Import took 0.138082 seconds .

========================================================================
Received Import Request.
  Time since last request: 0.002316 seconds.
  path: Assets/Images/Materials/2000879.mat
  artifactKey: Guid(4f3165d5d80d4f04d81a1ae29f99b6a3) Importer(815301076,1909f56bfc062723c751e8b465ee728b)
Start importing Assets/Images/Materials/2000879.mat using Guid(4f3165d5d80d4f04d81a1ae29f99b6a3) Importer(815301076,1909f56bfc062723c751e8b465ee728b)  -> (artifact id: '24ead8519496f33e103badbfad2b9c7b') in 0.126266 seconds
  Import took 0.128363 seconds .

========================================================================
Received Import Request.
  Time since last request: 5.137384 seconds.
  path: Assets/Images/Materials
  artifactKey: Guid(ece00a0a2ffa859418694475ce0f0671) Importer(815301076,1909f56bfc062723c751e8b465ee728b)
Start importing Assets/Images/Materials using Guid(ece00a0a2ffa859418694475ce0f0671) Importer(815301076,1909f56bfc062723c751e8b465ee728b)  -> (artifact id: '60c703f9db662be8c382d719fc3bea3c') in 0.003215 seconds
  Import took 0.005144 seconds .

========================================================================
Received Import Request.
  Time since last request: 21.339236 seconds.
  path: Assets/Images/Materials/2000879 1.mat
  artifactKey: Guid(4d034a0d20dad334a99414211113cd6c) Importer(815301076,1909f56bfc062723c751e8b465ee728b)
Start importing Assets/Images/Materials/2000879 1.mat using Guid(4d034a0d20dad334a99414211113cd6c) Importer(815301076,1909f56bfc062723c751e8b465ee728b)  -> (artifact id: 'b0c6851082b15369d805f73ec83ccbee') in 0.010974 seconds
  Import took 0.012908 seconds .

========================================================================
Received Prepare
Registering precompiled user dll's ...
Registered in 0.000614 seconds.
Begin MonoManager ReloadAssembly
Native extension for WindowsStandalone target not found
Refreshing native plugins compatible for Editor in 0.20 ms, found 0 plugins.
Preloading 0 native plugins for Editor in 0.00 ms.
Invoked RoslynAnalysisRunner static constructor.
RoslynAnalysisRunner will not be running.
RoslynAnalysisRunner has terminated.
Mono: successfully reloaded assembly
- Completed reload, in  0.725 seconds
Platform modules already initialized, skipping
Refreshing native plugins compatible for Editor in 0.27 ms, found 0 plugins.
Preloading 0 native plugins for Editor in 0.00 ms.
Unloading 1108 Unused Serialized files (Serialized files now loaded: 0)
System memory in use before: 63.9 MB.
System memory in use after: 64.0 MB.

Unloading 4 unused Assets to reduce memory usage. Loaded Objects now: 1632.
Total: 2.075000 ms (FindLiveObjects: 0.148700 ms CreateObjectMapping: 0.032400 ms MarkObjects: 1.873500 ms  DeleteObjects: 0.018700 ms)

========================================================================
Received Import Request.
  Time since last request: 923.126254 seconds.
  path: Assets/Scripts/CameraController.cs
  artifactKey: Guid(d555b7c18d225da4ca3bcdb384fc2c07) Importer(815301076,1909f56bfc062723c751e8b465ee728b)
Start importing Assets/Scripts/CameraController.cs using Guid(d555b7c18d225da4ca3bcdb384fc2c07) Importer(815301076,1909f56bfc062723c751e8b465ee728b)  -> (artifact id: 'b066ee99c33c8df2d34a08bf7a5ae2d6') in 0.114956 seconds
  Import took 0.117173 seconds .

========================================================================
Received Prepare
Registering precompiled user dll's ...
Registered in 0.000700 seconds.
Begin MonoManager ReloadAssembly
Native extension for WindowsStandalone target not found
Refreshing native plugins compatible for Editor in 0.21 ms, found 0 plugins.
Preloading 0 native plugins for Editor in 0.00 ms.
Invoked RoslynAnalysisRunner static constructor.
RoslynAnalysisRunner will not be running.
RoslynAnalysisRunner has terminated.
Mono: successfully reloaded assembly
- Completed reload, in  0.708 seconds
Platform modules already initialized, skipping
Refreshing native plugins compatible for Editor in 0.21 ms, found 0 plugins.
Preloading 0 native plugins for Editor in 0.00 ms.
Unloading 1108 Unused Serialized files (Serialized files now loaded: 0)
System memory in use before: 64.5 MB.
System memory in use after: 64.6 MB.

Unloading 4 unused Assets to reduce memory usage. Loaded Objects now: 1634.
Total: 1.910200 ms (FindLiveObjects: 0.162000 ms CreateObjectMapping: 0.038800 ms MarkObjects: 1.688500 ms  DeleteObjects: 0.019100 ms)

========================================================================
Received Prepare
Registering precompiled user dll's ...
Registered in 0.000561 seconds.
Begin MonoManager ReloadAssembly
Native extension for WindowsStandalone target not found
Refreshing native plugins compatible for Editor in 0.17 ms, found 0 plugins.
Preloading 0 native plugins for Editor in 0.00 ms.
Invoked RoslynAnalysisRunner static constructor.
RoslynAnalysisRunner will not be running.
RoslynAnalysisRunner has terminated.
Mono: successfully reloaded assembly
- Completed reload, in  0.704 seconds
Platform modules already initialized, skipping
Refreshing native plugins compatible for Editor in 0.55 ms, found 0 plugins.
Preloading 0 native plugins for Editor in 0.00 ms.
Unloading 1108 Unused Serialized files (Serialized files now loaded: 0)
System memory in use before: 63.9 MB.
System memory in use after: 64.0 MB.

Unloading 4 unused Assets to reduce memory usage. Loaded Objects now: 1636.
Total: 1.559000 ms (FindLiveObjects: 0.135200 ms CreateObjectMapping: 0.033500 ms MarkObjects: 1.375300 ms  DeleteObjects: 0.013600 ms)

========================================================================
Received Prepare
Registering precompiled user dll's ...
Registered in 0.000701 seconds.
Begin MonoManager ReloadAssembly
Native extension for WindowsStandalone target not found
Refreshing native plugins compatible for Editor in 0.24 ms, found 0 plugins.
Preloading 0 native plugins for Editor in 0.00 ms.
Invoked RoslynAnalysisRunner static constructor.
RoslynAnalysisRunner will not be running.
RoslynAnalysisRunner has terminated.
Mono: successfully reloaded assembly
- Completed reload, in  0.716 seconds
Platform modules already initialized, skipping
Refreshing native plugins compatible for Editor in 0.17 ms, found 0 plugins.
Preloading 0 native plugins for Editor in 0.00 ms.
Unloading 1108 Unused Serialized files (Serialized files now loaded: 0)
System memory in use before: 63.7 MB.
System memory in use after: 63.8 MB.

Unloading 4 unused Assets to reduce memory usage. Loaded Objects now: 1638.
Total: 1.635600 ms (FindLiveObjects: 0.112300 ms CreateObjectMapping: 0.030400 ms MarkObjects: 1.478300 ms  DeleteObjects: 0.013500 ms)

========================================================================
Received Prepare
Refreshing native plugins compatible for Editor in 0.63 ms, found 0 plugins.
Preloading 0 native plugins for Editor in 0.00 ms.
Unloading 2 Unused Serialized files (Serialized files now loaded: 0)
System memory in use before: 41.9 MB.
System memory in use after: 42.1 MB.

Unloading 2 unused Assets to reduce memory usage. Loaded Objects now: 1638.
Total: 1.958300 ms (FindLiveObjects: 0.148100 ms CreateObjectMapping: 0.027700 ms MarkObjects: 1.770400 ms  DeleteObjects: 0.010900 ms)

AssetImportWorkerClient::OnTransportError - code=2 error=End of file
